2022-10-12 14:29:19,623 -            run_match() - START RUN
2022-10-12 14:29:20,084 -      get_combined_df() -                                                 text                                              words                                               keys                                             values
0            Am Anfang schuf Gott Himmel und Erde.\n       [am, anfang, schuf, gott, himmel, und, erde]       [am, anfang, schuf, gott, himmel, und, erde]  [in, the, beginning, god, created, the, heaven...
1  Und die Erde war wüst und leer, und es war fin...  [und, die, erde, war, wüst, und, leer, und, es...  [und, die, erde, war, wüst, und, leer, und, es...  [and, the, earth, was, without, form, and, voi...
2  Und Gott sprach: Es werde Licht! und es ward L...  [und, gott, sprach, es, werde, licht, und, es,...  [und, gott, sprach, es, werde, licht, und, es,...  [and, god, said, let, there, be, light, and, t...
3  Und Gott sah, daß das Licht gut war. Da schied...  [und, gott, sah, daß, das, licht, gut, war, da...  [und, gott, sah, daß, das, licht, gut, war, da...  [and, god, saw, the, light, that, it, was, goo...
4  und nannte das Licht Tag und die Finsternis Na...  [und, nannte, das, licht, tag, und, die, finst...  [und, nannte, das, licht, tag, und, die, finst...  [and, god, called, the, light, day, and, the, ...
2022-10-12 14:29:20,093 -            run_match() - Total verses: 5
2022-10-12 14:29:20,103 -            run_match() - ref_df:                                                 text                                              words                                               keys                                             values
0            Am Anfang schuf Gott Himmel und Erde.\n       [am, anfang, schuf, gott, himmel, und, erde]       [am, anfang, schuf, gott, himmel, und, erde]  [in, the, beginning, god, created, the, heaven...
1  Und die Erde war wüst und leer, und es war fin...  [und, die, erde, war, wüst, und, leer, und, es...  [und, die, erde, war, wüst, und, leer, und, es...  [and, the, earth, was, without, form, and, voi...
2  Und Gott sprach: Es werde Licht! und es ward L...  [und, gott, sprach, es, werde, licht, und, es,...  [und, gott, sprach, es, werde, licht, und, es,...  [and, god, said, let, there, be, light, and, t...
3  Und Gott sah, daß das Licht gut war. Da schied...  [und, gott, sah, daß, das, licht, gut, war, da...  [und, gott, sah, daß, das, licht, gut, war, da...  [and, god, saw, the, light, that, it, was, goo...
4  und nannte das Licht Tag und die Finsternis Na...  [und, nannte, das, licht, tag, und, die, finst...  [und, nannte, das, licht, tag, und, die, finst...  [and, god, called, the, light, day, and, the, ...
2022-10-12 14:29:20,109 - write_dictionary_to_file() - Written file fixtures/out/de-LU1912-mini_en-KJV-mini/cache/de-LU1912-mini-en-KJV-mini-freq-cache.json
2022-10-12 14:29:20,113 - write_dictionary_to_file() - Written file fixtures/out/de-LU1912-mini_en-KJV-mini/dictionary.json
2022-10-12 14:29:20,113 -            run_match() - END RUN
2022-10-12 14:50:42,922 -            run_match() - START RUN
2022-10-12 14:50:43,362 -      get_combined_df() -                                                 text                                              words                                               keys                                             values
0            Am Anfang schuf Gott Himmel und Erde.\n       [am, anfang, schuf, gott, himmel, und, erde]       [am, anfang, schuf, gott, himmel, und, erde]  [in, the, beginning, god, created, the, heaven...
1  Und die Erde war wüst und leer, und es war fin...  [und, die, erde, war, wüst, und, leer, und, es...  [und, die, erde, war, wüst, und, leer, und, es...  [and, the, earth, was, without, form, and, voi...
2  Und Gott sprach: Es werde Licht! und es ward L...  [und, gott, sprach, es, werde, licht, und, es,...  [und, gott, sprach, es, werde, licht, und, es,...  [and, god, said, let, there, be, light, and, t...
3  Und Gott sah, daß das Licht gut war. Da schied...  [und, gott, sah, daß, das, licht, gut, war, da...  [und, gott, sah, daß, das, licht, gut, war, da...  [and, god, saw, the, light, that, it, was, goo...
4  und nannte das Licht Tag und die Finsternis Na...  [und, nannte, das, licht, tag, und, die, finst...  [und, nannte, das, licht, tag, und, die, finst...  [and, god, called, the, light, day, and, the, ...
2022-10-12 14:50:43,373 -            run_match() - Total verses: 5
2022-10-12 14:50:43,383 -            run_match() - ref_df:                                                 text                                              words                                               keys                                             values
0            Am Anfang schuf Gott Himmel und Erde.\n       [am, anfang, schuf, gott, himmel, und, erde]       [am, anfang, schuf, gott, himmel, und, erde]  [in, the, beginning, god, created, the, heaven...
1  Und die Erde war wüst und leer, und es war fin...  [und, die, erde, war, wüst, und, leer, und, es...  [und, die, erde, war, wüst, und, leer, und, es...  [and, the, earth, was, without, form, and, voi...
2  Und Gott sprach: Es werde Licht! und es ward L...  [und, gott, sprach, es, werde, licht, und, es,...  [und, gott, sprach, es, werde, licht, und, es,...  [and, god, said, let, there, be, light, and, t...
3  Und Gott sah, daß das Licht gut war. Da schied...  [und, gott, sah, daß, das, licht, gut, war, da...  [und, gott, sah, daß, das, licht, gut, war, da...  [and, god, saw, the, light, that, it, was, goo...
4  und nannte das Licht Tag und die Finsternis Na...  [und, nannte, das, licht, tag, und, die, finst...  [und, nannte, das, licht, tag, und, die, finst...  [and, god, called, the, light, day, and, the, ...
2022-10-12 14:50:43,397 - write_dictionary_to_file() - Written file fixtures/out/de-LU1912-mini_en-KJV-mini/cache/de-LU1912-mini-en-KJV-mini-freq-cache.json
2022-10-12 14:50:43,402 - write_dictionary_to_file() - Written file fixtures/out/de-LU1912-mini_en-KJV-mini/dictionary.json
2022-10-12 14:50:43,402 -            run_match() - END RUN
